{"C:\\Users\\Intern\\Desktop\\my-vite-project\\vitest\\html\\assets\\index-BLZJq7cG.js": {"path":"C:\\Users\\Intern\\Desktop\\my-vite-project\\vitest\\html\\assets\\index-BLZJq7cG.js","all":true,"statementMap":{"0":{"start":{"line":1,"column":0},"end":{"line":1,"column":882}},"1":{"start":{"line":2,"column":0},"end":{"line":2,"column":21}},"2":{"start":{"line":3,"column":0},"end":{"line":3,"column":55}},"3":{"start":{"line":4,"column":0},"end":{"line":4,"column":14}},"4":{"start":{"line":5,"column":0},"end":{"line":5,"column":3516}},"5":{"start":{"line":6,"column":0},"end":{"line":6,"column":25}},"6":{"start":{"line":7,"column":0},"end":{"line":7,"column":55}},"7":{"start":{"line":8,"column":0},"end":{"line":8,"column":14}},"8":{"start":{"line":9,"column":0},"end":{"line":9,"column":16553}},"9":{"start":{"line":10,"column":0},"end":{"line":10,"column":27}},"10":{"start":{"line":11,"column":0},"end":{"line":11,"column":55}},"11":{"start":{"line":12,"column":0},"end":{"line":12,"column":14}},"12":{"start":{"line":13,"column":0},"end":{"line":13,"column":45611}},"13":{"start":{"line":14,"column":0},"end":{"line":14,"column":26}},"14":{"start":{"line":15,"column":0},"end":{"line":15,"column":55}},"15":{"start":{"line":16,"column":0},"end":{"line":16,"column":14}},"16":{"start":{"line":17,"column":0},"end":{"line":17,"column":106140}},"17":{"start":{"line":18,"column":0},"end":{"line":18,"column":59}},"18":{"start":{"line":19,"column":0},"end":{"line":19,"column":7990}},"19":{"start":{"line":20,"column":0},"end":{"line":20,"column":38474}},"20":{"start":{"line":21,"column":0},"end":{"line":21,"column":38692}},"22":{"start":{"line":23,"column":0},"end":{"line":23,"column":89}},"23":{"start":{"line":24,"column":0},"end":{"line":24,"column":18786}},"24":{"start":{"line":25,"column":0},"end":{"line":25,"column":22689}},"25":{"start":{"line":26,"column":0},"end":{"line":26,"column":68}},"26":{"start":{"line":27,"column":0},"end":{"line":27,"column":4432}},"27":{"start":{"line":28,"column":0},"end":{"line":28,"column":71}},"28":{"start":{"line":29,"column":0},"end":{"line":29,"column":74}},"29":{"start":{"line":30,"column":0},"end":{"line":30,"column":53058}},"30":{"start":{"line":31,"column":0},"end":{"line":31,"column":14049}},"31":{"start":{"line":32,"column":0},"end":{"line":32,"column":18101}},"32":{"start":{"line":33,"column":0},"end":{"line":33,"column":486}},"33":{"start":{"line":34,"column":0},"end":{"line":34,"column":12}},"34":{"start":{"line":35,"column":0},"end":{"line":35,"column":11404}},"35":{"start":{"line":36,"column":0},"end":{"line":36,"column":26}},"36":{"start":{"line":37,"column":0},"end":{"line":37,"column":1988}},"37":{"start":{"line":38,"column":0},"end":{"line":38,"column":224}},"38":{"start":{"line":39,"column":0},"end":{"line":39,"column":9814}},"39":{"start":{"line":40,"column":0},"end":{"line":40,"column":3473}},"40":{"start":{"line":41,"column":0},"end":{"line":41,"column":849}},"41":{"start":{"line":42,"column":0},"end":{"line":42,"column":71}},"42":{"start":{"line":43,"column":0},"end":{"line":43,"column":82}},"43":{"start":{"line":44,"column":0},"end":{"line":44,"column":111234}},"44":{"start":{"line":45,"column":0},"end":{"line":45,"column":438}},"45":{"start":{"line":46,"column":0},"end":{"line":46,"column":337}},"46":{"start":{"line":47,"column":0},"end":{"line":47,"column":39237}},"47":{"start":{"line":48,"column":0},"end":{"line":48,"column":35153}},"48":{"start":{"line":49,"column":0},"end":{"line":49,"column":21}},"49":{"start":{"line":50,"column":0},"end":{"line":50,"column":38}},"50":{"start":{"line":51,"column":0},"end":{"line":51,"column":16}},"51":{"start":{"line":52,"column":0},"end":{"line":52,"column":23874}}},"s":{"0":0,"1":0,"2":0,"3":0,"4":0,"5":0,"6":0,"7":0,"8":0,"9":0,"10":0,"11":0,"12":0,"13":0,"14":0,"15":0,"16":0,"17":0,"18":0,"19":0,"20":0,"22":0,"23":0,"24":0,"25":0,"26":0,"27":0,"28":0,"29":0,"30":0,"31":0,"32":0,"33":0,"34":0,"35":0,"36":0,"37":0,"38":0,"39":0,"40":0,"41":0,"42":0,"43":0,"44":0,"45":0,"46":0,"47":0,"48":0,"49":0,"50":0,"51":0},"branchMap":{"0":{"type":"branch","line":1,"loc":{"start":{"line":1,"column":0},"end":{"line":52,"column":23319}},"locations":[{"start":{"line":1,"column":0},"end":{"line":52,"column":23319}}]}},"b":{"0":[0]},"fnMap":{"0":{"name":"(empty-report)","decl":{"start":{"line":1,"column":0},"end":{"line":52,"column":23319}},"loc":{"start":{"line":1,"column":0},"end":{"line":52,"column":23319}},"line":1}},"f":{"0":0}}
,"C:\\Users\\Intern\\Desktop\\my-vite-project\\vitest\\src\\App.jsx": {"path":"C:\\Users\\Intern\\Desktop\\my-vite-project\\vitest\\src\\App.jsx","all":false,"statementMap":{"0":{"start":{"line":1,"column":0},"end":{"line":1,"column":19}},"1":{"start":{"line":2,"column":0},"end":{"line":2,"column":40}},"3":{"start":{"line":4,"column":0},"end":{"line":4,"column":37}},"4":{"start":{"line":5,"column":0},"end":{"line":5,"column":37}},"5":{"start":{"line":6,"column":0},"end":{"line":6,"column":37}},"6":{"start":{"line":7,"column":0},"end":{"line":7,"column":47}},"7":{"start":{"line":8,"column":0},"end":{"line":8,"column":45}},"9":{"start":{"line":10,"column":0},"end":{"line":10,"column":16}},"10":{"start":{"line":11,"column":0},"end":{"line":11,"column":51}},"12":{"start":{"line":13,"column":0},"end":{"line":13,"column":40}},"13":{"start":{"line":14,"column":0},"end":{"line":14,"column":26}},"14":{"start":{"line":15,"column":0},"end":{"line":15,"column":6}},"16":{"start":{"line":17,"column":0},"end":{"line":17,"column":12}},"17":{"start":{"line":18,"column":0},"end":{"line":18,"column":10}},"18":{"start":{"line":19,"column":0},"end":{"line":19,"column":25}},"20":{"start":{"line":21,"column":0},"end":{"line":21,"column":40}},"21":{"start":{"line":22,"column":0},"end":{"line":22,"column":48}},"22":{"start":{"line":23,"column":0},"end":{"line":23,"column":19}},"24":{"start":{"line":25,"column":0},"end":{"line":25,"column":11}},"26":{"start":{"line":27,"column":0},"end":{"line":27,"column":1}},"28":{"start":{"line":29,"column":0},"end":{"line":29,"column":19}}},"s":{"0":1,"1":1,"3":1,"4":1,"5":1,"6":1,"7":1,"9":2,"10":2,"12":2,"13":1,"14":1,"16":2,"17":2,"18":2,"20":2,"21":2,"22":2,"24":2,"26":2,"28":1},"branchMap":{"0":{"type":"branch","line":10,"loc":{"start":{"line":10,"column":0},"end":{"line":27,"column":1}},"locations":[{"start":{"line":10,"column":0},"end":{"line":27,"column":1}}]},"1":{"type":"branch","line":13,"loc":{"start":{"line":13,"column":29},"end":{"line":15,"column":6}},"locations":[{"start":{"line":13,"column":29},"end":{"line":15,"column":6}}]}},"b":{"0":[2],"1":[1]},"fnMap":{"0":{"name":"App","decl":{"start":{"line":10,"column":0},"end":{"line":27,"column":1}},"loc":{"start":{"line":10,"column":0},"end":{"line":27,"column":1}},"line":10},"1":{"name":"handleFormSubmit","decl":{"start":{"line":13,"column":29},"end":{"line":15,"column":6}},"loc":{"start":{"line":13,"column":29},"end":{"line":15,"column":6}},"line":13}},"f":{"0":2,"1":1}}
,"C:\\Users\\Intern\\Desktop\\my-vite-project\\vitest\\src\\main.jsx": {"path":"C:\\Users\\Intern\\Desktop\\my-vite-project\\vitest\\src\\main.jsx","all":true,"statementMap":{"0":{"start":{"line":1,"column":0},"end":{"line":1,"column":34}},"1":{"start":{"line":2,"column":0},"end":{"line":2,"column":45}},"2":{"start":{"line":3,"column":0},"end":{"line":3,"column":20}},"3":{"start":{"line":4,"column":0},"end":{"line":4,"column":27}},"5":{"start":{"line":6,"column":0},"end":{"line":6,"column":51}},"6":{"start":{"line":7,"column":0},"end":{"line":7,"column":14}},"7":{"start":{"line":8,"column":0},"end":{"line":8,"column":11}},"8":{"start":{"line":9,"column":0},"end":{"line":9,"column":16}},"9":{"start":{"line":10,"column":0},"end":{"line":10,"column":1}}},"s":{"0":0,"1":0,"2":0,"3":0,"5":0,"6":0,"7":0,"8":0,"9":0},"branchMap":{"0":{"type":"branch","line":1,"loc":{"start":{"line":1,"column":202},"end":{"line":10,"column":-147}},"locations":[{"start":{"line":1,"column":202},"end":{"line":10,"column":-147}}]}},"b":{"0":[0]},"fnMap":{"0":{"name":"(empty-report)","decl":{"start":{"line":1,"column":202},"end":{"line":10,"column":-147}},"loc":{"start":{"line":1,"column":202},"end":{"line":10,"column":-147}},"line":1}},"f":{"0":0}}
,"C:\\Users\\Intern\\Desktop\\my-vite-project\\vitest\\src\\Components\\Button.jsx": {"path":"C:\\Users\\Intern\\Desktop\\my-vite-project\\vitest\\src\\Components\\Button.jsx","all":false,"statementMap":{"4":{"start":{"line":5,"column":0},"end":{"line":5,"column":26}},"6":{"start":{"line":7,"column":0},"end":{"line":7,"column":58}},"7":{"start":{"line":8,"column":0},"end":{"line":8,"column":10}},"8":{"start":{"line":9,"column":0},"end":{"line":9,"column":64}},"9":{"start":{"line":10,"column":0},"end":{"line":10,"column":13}},"10":{"start":{"line":11,"column":0},"end":{"line":11,"column":13}},"12":{"start":{"line":13,"column":0},"end":{"line":13,"column":2}},"14":{"start":{"line":15,"column":0},"end":{"line":15,"column":22}}},"s":{"4":1,"6":1,"7":3,"8":3,"9":3,"10":3,"12":3,"14":1},"branchMap":{"0":{"type":"branch","line":7,"loc":{"start":{"line":7,"column":15},"end":{"line":13,"column":2}},"locations":[{"start":{"line":7,"column":15},"end":{"line":13,"column":2}}]}},"b":{"0":[3]},"fnMap":{"0":{"name":"Button","decl":{"start":{"line":7,"column":15},"end":{"line":13,"column":2}},"loc":{"start":{"line":7,"column":15},"end":{"line":13,"column":2}},"line":7}},"f":{"0":3}}
,"C:\\Users\\Intern\\Desktop\\my-vite-project\\vitest\\src\\Components\\Card.jsx": {"path":"C:\\Users\\Intern\\Desktop\\my-vite-project\\vitest\\src\\Components\\Card.jsx","all":false,"statementMap":{"0":{"start":{"line":1,"column":0},"end":{"line":1,"column":26}},"2":{"start":{"line":3,"column":0},"end":{"line":3,"column":20}},"3":{"start":{"line":4,"column":0},"end":{"line":4,"column":12}},"4":{"start":{"line":5,"column":0},"end":{"line":5,"column":33}},"5":{"start":{"line":6,"column":0},"end":{"line":6,"column":17}},"6":{"start":{"line":7,"column":0},"end":{"line":7,"column":101}},"7":{"start":{"line":8,"column":0},"end":{"line":8,"column":34}},"8":{"start":{"line":9,"column":0},"end":{"line":9,"column":37}},"9":{"start":{"line":10,"column":0},"end":{"line":10,"column":14}},"10":{"start":{"line":11,"column":0},"end":{"line":11,"column":57}},"11":{"start":{"line":12,"column":0},"end":{"line":12,"column":35}},"13":{"start":{"line":14,"column":0},"end":{"line":14,"column":16}},"14":{"start":{"line":15,"column":0},"end":{"line":15,"column":61}},"15":{"start":{"line":16,"column":0},"end":{"line":16,"column":14}},"17":{"start":{"line":18,"column":0},"end":{"line":18,"column":2}},"19":{"start":{"line":20,"column":0},"end":{"line":20,"column":16}},"20":{"start":{"line":21,"column":0},"end":{"line":21,"column":11}},"21":{"start":{"line":22,"column":0},"end":{"line":22,"column":33}},"22":{"start":{"line":23,"column":0},"end":{"line":23,"column":28}},"23":{"start":{"line":24,"column":0},"end":{"line":24,"column":24}},"24":{"start":{"line":25,"column":0},"end":{"line":25,"column":26}},"25":{"start":{"line":26,"column":0},"end":{"line":26,"column":28}},"26":{"start":{"line":27,"column":0},"end":{"line":27,"column":50}},"27":{"start":{"line":28,"column":0},"end":{"line":28,"column":28}},"28":{"start":{"line":29,"column":0},"end":{"line":29,"column":6}},"29":{"start":{"line":30,"column":0},"end":{"line":30,"column":12}},"30":{"start":{"line":31,"column":0},"end":{"line":31,"column":22}},"31":{"start":{"line":32,"column":0},"end":{"line":32,"column":28}},"32":{"start":{"line":33,"column":0},"end":{"line":33,"column":6}},"33":{"start":{"line":34,"column":0},"end":{"line":34,"column":12}},"34":{"start":{"line":35,"column":0},"end":{"line":35,"column":27}},"35":{"start":{"line":36,"column":0},"end":{"line":36,"column":29}},"36":{"start":{"line":37,"column":0},"end":{"line":37,"column":6}},"37":{"start":{"line":38,"column":0},"end":{"line":38,"column":11}},"38":{"start":{"line":39,"column":0},"end":{"line":39,"column":25}},"39":{"start":{"line":40,"column":0},"end":{"line":40,"column":22}},"40":{"start":{"line":41,"column":0},"end":{"line":41,"column":29}},"41":{"start":{"line":42,"column":0},"end":{"line":42,"column":6}},"42":{"start":{"line":43,"column":0},"end":{"line":43,"column":13}},"43":{"start":{"line":44,"column":0},"end":{"line":44,"column":29}},"44":{"start":{"line":45,"column":0},"end":{"line":45,"column":25}},"45":{"start":{"line":46,"column":0},"end":{"line":46,"column":22}},"46":{"start":{"line":47,"column":0},"end":{"line":47,"column":35}},"47":{"start":{"line":48,"column":0},"end":{"line":48,"column":23}},"48":{"start":{"line":49,"column":0},"end":{"line":49,"column":28}},"49":{"start":{"line":50,"column":0},"end":{"line":50,"column":26}},"50":{"start":{"line":51,"column":0},"end":{"line":51,"column":6}},"51":{"start":{"line":52,"column":0},"end":{"line":52,"column":2}},"53":{"start":{"line":54,"column":0},"end":{"line":54,"column":20}}},"s":{"0":1,"2":1,"3":3,"4":3,"5":3,"6":3,"7":3,"8":3,"9":3,"10":3,"11":3,"13":3,"14":3,"15":3,"17":3,"19":1,"20":1,"21":1,"22":1,"23":1,"24":1,"25":1,"26":1,"27":1,"28":1,"29":1,"30":1,"31":1,"32":1,"33":1,"34":1,"35":1,"36":1,"37":1,"38":1,"39":1,"40":1,"41":1,"42":1,"43":1,"44":1,"45":1,"46":1,"47":1,"48":1,"49":1,"50":1,"51":1,"53":1},"branchMap":{"0":{"type":"branch","line":3,"loc":{"start":{"line":3,"column":13},"end":{"line":18,"column":2}},"locations":[{"start":{"line":3,"column":13},"end":{"line":18,"column":2}}]}},"b":{"0":[3]},"fnMap":{"0":{"name":"Card","decl":{"start":{"line":3,"column":13},"end":{"line":18,"column":2}},"loc":{"start":{"line":3,"column":13},"end":{"line":18,"column":2}},"line":3}},"f":{"0":3}}
,"C:\\Users\\Intern\\Desktop\\my-vite-project\\vitest\\src\\Components\\Counter.jsx": {"path":"C:\\Users\\Intern\\Desktop\\my-vite-project\\vitest\\src\\Components\\Counter.jsx","all":false,"statementMap":{"1":{"start":{"line":2,"column":0},"end":{"line":2,"column":40}},"3":{"start":{"line":4,"column":0},"end":{"line":4,"column":23}},"4":{"start":{"line":5,"column":0},"end":{"line":5,"column":40}},"6":{"start":{"line":7,"column":0},"end":{"line":7,"column":10}},"7":{"start":{"line":8,"column":0},"end":{"line":8,"column":9}},"8":{"start":{"line":9,"column":0},"end":{"line":9,"column":55}},"9":{"start":{"line":10,"column":0},"end":{"line":10,"column":96}},"10":{"start":{"line":11,"column":0},"end":{"line":11,"column":96}},"11":{"start":{"line":12,"column":0},"end":{"line":12,"column":10}},"13":{"start":{"line":14,"column":0},"end":{"line":14,"column":2}},"15":{"start":{"line":16,"column":0},"end":{"line":16,"column":23}}},"s":{"1":1,"3":1,"4":5,"6":5,"7":5,"8":5,"9":5,"10":5,"11":5,"13":5,"15":1},"branchMap":{"0":{"type":"branch","line":4,"loc":{"start":{"line":4,"column":16},"end":{"line":14,"column":2}},"locations":[{"start":{"line":4,"column":16},"end":{"line":14,"column":2}}]},"1":{"type":"branch","line":10,"loc":{"start":{"line":10,"column":23},"end":{"line":10,"column":50}},"locations":[{"start":{"line":10,"column":23},"end":{"line":10,"column":50}}]},"2":{"type":"branch","line":11,"loc":{"start":{"line":11,"column":23},"end":{"line":11,"column":50}},"locations":[{"start":{"line":11,"column":23},"end":{"line":11,"column":50}}]}},"b":{"0":[5],"1":[1],"2":[1]},"fnMap":{"0":{"name":"Counter","decl":{"start":{"line":4,"column":16},"end":{"line":14,"column":2}},"loc":{"start":{"line":4,"column":16},"end":{"line":14,"column":2}},"line":4},"1":{"name":"onClick","decl":{"start":{"line":10,"column":23},"end":{"line":10,"column":50}},"loc":{"start":{"line":10,"column":23},"end":{"line":10,"column":50}},"line":10},"2":{"name":"onClick","decl":{"start":{"line":11,"column":23},"end":{"line":11,"column":50}},"loc":{"start":{"line":11,"column":23},"end":{"line":11,"column":50}},"line":11}},"f":{"0":5,"1":1,"2":1}}
,"C:\\Users\\Intern\\Desktop\\my-vite-project\\vitest\\src\\Components\\Daygrid.jsx": {"path":"C:\\Users\\Intern\\Desktop\\my-vite-project\\vitest\\src\\Components\\Daygrid.jsx","all":false,"statementMap":{"0":{"start":{"line":1,"column":0},"end":{"line":1,"column":26}},"1":{"start":{"line":2,"column":0},"end":{"line":2,"column":47}},"2":{"start":{"line":3,"column":0},"end":{"line":3,"column":50}},"3":{"start":{"line":4,"column":0},"end":{"line":4,"column":32}},"6":{"start":{"line":7,"column":0},"end":{"line":7,"column":23}},"7":{"start":{"line":8,"column":0},"end":{"line":8,"column":10}},"8":{"start":{"line":9,"column":0},"end":{"line":9,"column":67}},"9":{"start":{"line":10,"column":0},"end":{"line":10,"column":24}},"10":{"start":{"line":11,"column":0},"end":{"line":11,"column":22}},"11":{"start":{"line":12,"column":0},"end":{"line":12,"column":35}},"12":{"start":{"line":13,"column":0},"end":{"line":13,"column":36}},"13":{"start":{"line":14,"column":0},"end":{"line":14,"column":25}},"14":{"start":{"line":15,"column":0},"end":{"line":15,"column":26}},"15":{"start":{"line":16,"column":0},"end":{"line":16,"column":36}},"16":{"start":{"line":17,"column":0},"end":{"line":17,"column":28}},"17":{"start":{"line":18,"column":0},"end":{"line":18,"column":57}},"18":{"start":{"line":19,"column":0},"end":{"line":19,"column":12}},"19":{"start":{"line":20,"column":0},"end":{"line":20,"column":51}},"20":{"start":{"line":21,"column":0},"end":{"line":21,"column":10}},"21":{"start":{"line":22,"column":0},"end":{"line":22,"column":12}},"22":{"start":{"line":23,"column":0},"end":{"line":23,"column":10}},"24":{"start":{"line":25,"column":0},"end":{"line":25,"column":2}},"26":{"start":{"line":27,"column":0},"end":{"line":27,"column":23}}},"s":{"0":1,"1":1,"2":1,"3":1,"6":1,"7":1,"8":1,"9":1,"10":1,"11":1,"12":1,"13":1,"14":1,"15":1,"16":1,"17":1,"18":1,"19":1,"20":1,"21":1,"22":1,"24":1,"26":1},"branchMap":{"0":{"type":"branch","line":7,"loc":{"start":{"line":7,"column":16},"end":{"line":25,"column":2}},"locations":[{"start":{"line":7,"column":16},"end":{"line":25,"column":2}}]}},"b":{"0":[1]},"fnMap":{"0":{"name":"Daygrid","decl":{"start":{"line":7,"column":16},"end":{"line":25,"column":2}},"loc":{"start":{"line":7,"column":16},"end":{"line":25,"column":2}},"line":7}},"f":{"0":1}}
,"C:\\Users\\Intern\\Desktop\\my-vite-project\\vitest\\src\\Components\\Faq.jsx": {"path":"C:\\Users\\Intern\\Desktop\\my-vite-project\\vitest\\src\\Components\\Faq.jsx","all":false,"statementMap":{"0":{"start":{"line":1,"column":0},"end":{"line":1,"column":40}},"2":{"start":{"line":3,"column":0},"end":{"line":3,"column":90}},"4":{"start":{"line":5,"column":0},"end":{"line":5,"column":19}},"6":{"start":{"line":7,"column":0},"end":{"line":7,"column":52}},"9":{"start":{"line":10,"column":0},"end":{"line":10,"column":49}},"11":{"start":{"line":12,"column":0},"end":{"line":12,"column":30}},"12":{"start":{"line":13,"column":0},"end":{"line":13,"column":33}},"14":{"start":{"line":15,"column":0},"end":{"line":15,"column":39}},"15":{"start":{"line":16,"column":0},"end":{"line":16,"column":18}},"17":{"start":{"line":18,"column":0},"end":{"line":18,"column":23}},"18":{"start":{"line":19,"column":0},"end":{"line":19,"column":57}},"20":{"start":{"line":21,"column":0},"end":{"line":21,"column":34}},"21":{"start":{"line":22,"column":0},"end":{"line":22,"column":58}},"22":{"start":{"line":23,"column":0},"end":{"line":23,"column":15}},"24":{"start":{"line":25,"column":0},"end":{"line":25,"column":48}},"25":{"start":{"line":26,"column":0},"end":{"line":26,"column":15}},"26":{"start":{"line":27,"column":0},"end":{"line":27,"column":12}},"27":{"start":{"line":28,"column":0},"end":{"line":28,"column":9}},"29":{"start":{"line":30,"column":0},"end":{"line":30,"column":23}},"30":{"start":{"line":31,"column":0},"end":{"line":31,"column":8}},"31":{"start":{"line":32,"column":0},"end":{"line":32,"column":6}},"32":{"start":{"line":33,"column":0},"end":{"line":33,"column":4}},"34":{"start":{"line":35,"column":0},"end":{"line":35,"column":10}},"36":{"start":{"line":37,"column":0},"end":{"line":37,"column":87}},"38":{"start":{"line":39,"column":0},"end":{"line":39,"column":32}},"39":{"start":{"line":40,"column":0},"end":{"line":40,"column":44}},"41":{"start":{"line":42,"column":0},"end":{"line":42,"column":82}},"42":{"start":{"line":43,"column":0},"end":{"line":43,"column":24}},"43":{"start":{"line":44,"column":0},"end":{"line":44,"column":15}},"46":{"start":{"line":47,"column":0},"end":{"line":47,"column":82}},"48":{"start":{"line":49,"column":0},"end":{"line":49,"column":46}},"49":{"start":{"line":50,"column":0},"end":{"line":50,"column":18}},"50":{"start":{"line":51,"column":0},"end":{"line":51,"column":91}},"51":{"start":{"line":52,"column":0},"end":{"line":52,"column":90}},"54":{"start":{"line":55,"column":0},"end":{"line":55,"column":23}},"55":{"start":{"line":56,"column":0},"end":{"line":56,"column":213}},"56":{"start":{"line":57,"column":0},"end":{"line":57,"column":105}},"59":{"start":{"line":60,"column":0},"end":{"line":60,"column":31}},"61":{"start":{"line":62,"column":0},"end":{"line":62,"column":22}},"62":{"start":{"line":63,"column":0},"end":{"line":63,"column":95}},"63":{"start":{"line":64,"column":0},"end":{"line":64,"column":38}},"64":{"start":{"line":65,"column":0},"end":{"line":65,"column":54}},"65":{"start":{"line":66,"column":0},"end":{"line":66,"column":31}},"66":{"start":{"line":67,"column":0},"end":{"line":67,"column":38}},"69":{"start":{"line":70,"column":0},"end":{"line":70,"column":25}},"70":{"start":{"line":71,"column":0},"end":{"line":71,"column":43}},"71":{"start":{"line":72,"column":0},"end":{"line":72,"column":43}},"72":{"start":{"line":73,"column":0},"end":{"line":73,"column":44}},"73":{"start":{"line":74,"column":0},"end":{"line":74,"column":37}},"74":{"start":{"line":75,"column":0},"end":{"line":75,"column":38}},"75":{"start":{"line":76,"column":0},"end":{"line":76,"column":22}},"76":{"start":{"line":77,"column":0},"end":{"line":77,"column":24}},"77":{"start":{"line":78,"column":0},"end":{"line":78,"column":25}},"80":{"start":{"line":81,"column":0},"end":{"line":81,"column":20}},"81":{"start":{"line":82,"column":0},"end":{"line":82,"column":76}},"82":{"start":{"line":83,"column":0},"end":{"line":83,"column":80}},"83":{"start":{"line":84,"column":0},"end":{"line":84,"column":21}},"86":{"start":{"line":87,"column":0},"end":{"line":87,"column":49}},"87":{"start":{"line":88,"column":0},"end":{"line":88,"column":78}},"88":{"start":{"line":89,"column":0},"end":{"line":89,"column":28}},"89":{"start":{"line":90,"column":0},"end":{"line":90,"column":24}},"90":{"start":{"line":91,"column":0},"end":{"line":91,"column":21}},"91":{"start":{"line":92,"column":0},"end":{"line":92,"column":22}},"92":{"start":{"line":93,"column":0},"end":{"line":93,"column":20}},"93":{"start":{"line":94,"column":0},"end":{"line":94,"column":15}},"94":{"start":{"line":95,"column":0},"end":{"line":95,"column":16}},"95":{"start":{"line":96,"column":0},"end":{"line":96,"column":14}},"96":{"start":{"line":97,"column":0},"end":{"line":97,"column":9}},"97":{"start":{"line":98,"column":0},"end":{"line":98,"column":10}},"99":{"start":{"line":100,"column":0},"end":{"line":100,"column":2}},"101":{"start":{"line":102,"column":0},"end":{"line":102,"column":19}}},"s":{"0":1,"2":1,"4":1,"6":7,"9":7,"11":3,"12":3,"14":3,"15":3,"17":3,"18":3,"20":6,"21":3,"22":3,"24":3,"25":3,"26":3,"27":3,"29":0,"30":3,"31":3,"32":3,"34":7,"36":7,"38":7,"39":7,"41":7,"42":7,"43":7,"46":7,"48":7,"49":14,"50":14,"51":14,"54":14,"55":14,"56":14,"59":14,"61":14,"62":14,"63":14,"64":14,"65":14,"66":14,"69":14,"70":14,"71":14,"72":14,"73":14,"74":14,"75":14,"76":14,"77":14,"80":14,"81":14,"82":14,"83":14,"86":14,"87":14,"88":14,"89":14,"90":14,"91":14,"92":14,"93":7,"94":7,"95":7,"96":7,"97":7,"99":7,"101":1},"branchMap":{"0":{"type":"branch","line":5,"loc":{"start":{"line":5,"column":12},"end":{"line":100,"column":2}},"locations":[{"start":{"line":5,"column":12},"end":{"line":100,"column":2}}]},"1":{"type":"branch","line":10,"loc":{"start":{"line":10,"column":26},"end":{"line":33,"column":4}},"locations":[{"start":{"line":10,"column":26},"end":{"line":33,"column":4}}]},"2":{"type":"branch","line":12,"loc":{"start":{"line":12,"column":17},"end":{"line":31,"column":8}},"locations":[{"start":{"line":12,"column":17},"end":{"line":31,"column":8}}]},"3":{"type":"branch","line":13,"loc":{"start":{"line":13,"column":19},"end":{"line":31,"column":7}},"locations":[{"start":{"line":13,"column":19},"end":{"line":31,"column":7}}]},"4":{"type":"branch","line":28,"loc":{"start":{"line":28,"column":8},"end":{"line":30,"column":23}},"locations":[{"start":{"line":28,"column":8},"end":{"line":30,"column":23}}]},"5":{"type":"branch","line":19,"loc":{"start":{"line":19,"column":41},"end":{"line":26,"column":13}},"locations":[{"start":{"line":19,"column":41},"end":{"line":26,"column":13}}]},"6":{"type":"branch","line":21,"loc":{"start":{"line":21,"column":33},"end":{"line":25,"column":48}},"locations":[{"start":{"line":21,"column":33},"end":{"line":25,"column":48}}]},"7":{"type":"branch","line":39,"loc":{"start":{"line":39,"column":21},"end":{"line":96,"column":14}},"locations":[{"start":{"line":39,"column":21},"end":{"line":96,"column":14}}]},"8":{"type":"branch","line":49,"loc":{"start":{"line":49,"column":30},"end":{"line":93,"column":20}},"locations":[{"start":{"line":49,"column":30},"end":{"line":93,"column":20}}]},"9":{"type":"branch","line":63,"loc":{"start":{"line":63,"column":66},"end":{"line":63,"column":90}},"locations":[{"start":{"line":63,"column":66},"end":{"line":63,"column":90}}]},"10":{"type":"branch","line":63,"loc":{"start":{"line":63,"column":75},"end":{"line":63,"column":92}},"locations":[{"start":{"line":63,"column":75},"end":{"line":63,"column":92}}]},"11":{"type":"branch","line":83,"loc":{"start":{"line":83,"column":23},"end":{"line":83,"column":61}},"locations":[{"start":{"line":83,"column":23},"end":{"line":83,"column":61}}]},"12":{"type":"branch","line":83,"loc":{"start":{"line":83,"column":32},"end":{"line":83,"column":80}},"locations":[{"start":{"line":83,"column":32},"end":{"line":83,"column":80}}]},"13":{"type":"branch","line":57,"loc":{"start":{"line":57,"column":27},"end":{"line":57,"column":105}},"locations":[{"start":{"line":57,"column":27},"end":{"line":57,"column":105}}]},"14":{"type":"branch","line":87,"loc":{"start":{"line":87,"column":33},"end":{"line":90,"column":24}},"locations":[{"start":{"line":87,"column":33},"end":{"line":90,"column":24}}]}},"b":{"0":[7],"1":[3],"2":[3],"3":[3],"4":[0],"5":[6],"6":[3],"7":[7],"8":[14],"9":[3],"10":[11],"11":[3],"12":[11],"13":[3],"14":[14]},"fnMap":{"0":{"name":"Faq","decl":{"start":{"line":5,"column":12},"end":{"line":100,"column":2}},"loc":{"start":{"line":5,"column":12},"end":{"line":100,"column":2}},"line":5},"1":{"name":"toggleAccordion","decl":{"start":{"line":10,"column":26},"end":{"line":33,"column":4}},"loc":{"start":{"line":10,"column":26},"end":{"line":33,"column":4}},"line":10},"2":{"name":"onClick","decl":{"start":{"line":57,"column":27},"end":{"line":57,"column":105}},"loc":{"start":{"line":57,"column":27},"end":{"line":57,"column":105}},"line":57}},"f":{"0":7,"1":3,"2":3}}
,"C:\\Users\\Intern\\Desktop\\my-vite-project\\vitest\\src\\Components\\FetchData.jsx": {"path":"C:\\Users\\Intern\\Desktop\\my-vite-project\\vitest\\src\\Components\\FetchData.jsx","all":false,"statementMap":{"0":{"start":{"line":1,"column":0},"end":{"line":1,"column":51}},"2":{"start":{"line":3,"column":0},"end":{"line":3,"column":25}},"3":{"start":{"line":4,"column":0},"end":{"line":4,"column":41}},"4":{"start":{"line":5,"column":0},"end":{"line":5,"column":45}},"6":{"start":{"line":7,"column":0},"end":{"line":7,"column":21}},"7":{"start":{"line":8,"column":0},"end":{"line":8,"column":59}},"8":{"start":{"line":9,"column":0},"end":{"line":9,"column":46}},"9":{"start":{"line":10,"column":0},"end":{"line":10,"column":27}},"11":{"start":{"line":12,"column":0},"end":{"line":12,"column":61}},"12":{"start":{"line":13,"column":0},"end":{"line":13,"column":51}},"13":{"start":{"line":14,"column":0},"end":{"line":14,"column":14}},"14":{"start":{"line":15,"column":0},"end":{"line":15,"column":29}},"15":{"start":{"line":16,"column":0},"end":{"line":16,"column":61}},"16":{"start":{"line":17,"column":0},"end":{"line":17,"column":49}},"17":{"start":{"line":18,"column":0},"end":{"line":18,"column":15}},"18":{"start":{"line":19,"column":0},"end":{"line":19,"column":11}},"20":{"start":{"line":21,"column":0},"end":{"line":21,"column":16}},"22":{"start":{"line":23,"column":0},"end":{"line":23,"column":30}},"23":{"start":{"line":24,"column":0},"end":{"line":24,"column":5}},"24":{"start":{"line":25,"column":0},"end":{"line":25,"column":28}},"25":{"start":{"line":26,"column":0},"end":{"line":26,"column":33}},"26":{"start":{"line":27,"column":0},"end":{"line":27,"column":5}},"28":{"start":{"line":29,"column":0},"end":{"line":29,"column":12}},"29":{"start":{"line":30,"column":0},"end":{"line":30,"column":13}},"30":{"start":{"line":31,"column":0},"end":{"line":31,"column":33}},"31":{"start":{"line":32,"column":0},"end":{"line":32,"column":17}},"32":{"start":{"line":33,"column":0},"end":{"line":33,"column":35}},"33":{"start":{"line":34,"column":0},"end":{"line":34,"column":39}},"34":{"start":{"line":35,"column":0},"end":{"line":35,"column":61}},"35":{"start":{"line":36,"column":0},"end":{"line":36,"column":67}},"36":{"start":{"line":37,"column":0},"end":{"line":37,"column":90}},"37":{"start":{"line":38,"column":0},"end":{"line":38,"column":26}},"38":{"start":{"line":39,"column":0},"end":{"line":39,"column":19}},"39":{"start":{"line":40,"column":0},"end":{"line":40,"column":18}},"40":{"start":{"line":41,"column":0},"end":{"line":41,"column":14}},"42":{"start":{"line":43,"column":0},"end":{"line":43,"column":2}},"44":{"start":{"line":45,"column":0},"end":{"line":45,"column":25}}},"s":{"0":1,"2":1,"3":7,"4":7,"6":7,"7":4,"8":4,"9":4,"11":1,"12":1,"13":4,"14":4,"15":1,"16":1,"17":4,"18":7,"20":7,"22":1,"23":1,"24":7,"25":5,"26":5,"28":1,"29":1,"30":1,"31":1,"32":1,"33":1,"34":1,"35":1,"36":1,"37":1,"38":1,"39":1,"40":1,"42":1,"44":1},"branchMap":{"0":{"type":"branch","line":3,"loc":{"start":{"line":3,"column":18},"end":{"line":43,"column":2}},"locations":[{"start":{"line":3,"column":18},"end":{"line":43,"column":2}}]},"1":{"type":"branch","line":21,"loc":{"start":{"line":21,"column":15},"end":{"line":24,"column":5}},"locations":[{"start":{"line":21,"column":15},"end":{"line":24,"column":5}}]},"2":{"type":"branch","line":24,"loc":{"start":{"line":24,"column":4},"end":{"line":25,"column":27}},"locations":[{"start":{"line":24,"column":4},"end":{"line":25,"column":27}}]},"3":{"type":"branch","line":25,"loc":{"start":{"line":25,"column":27},"end":{"line":27,"column":5}},"locations":[{"start":{"line":25,"column":27},"end":{"line":27,"column":5}}]},"4":{"type":"branch","line":27,"loc":{"start":{"line":27,"column":4},"end":{"line":43,"column":2}},"locations":[{"start":{"line":27,"column":4},"end":{"line":43,"column":2}}]},"5":{"type":"branch","line":7,"loc":{"start":{"line":7,"column":14},"end":{"line":19,"column":7}},"locations":[{"start":{"line":7,"column":14},"end":{"line":19,"column":7}}]},"6":{"type":"branch","line":9,"loc":{"start":{"line":9,"column":18},"end":{"line":9,"column":45}},"locations":[{"start":{"line":9,"column":18},"end":{"line":9,"column":45}}]},"7":{"type":"branch","line":10,"loc":{"start":{"line":10,"column":18},"end":{"line":14,"column":13}},"locations":[{"start":{"line":10,"column":18},"end":{"line":14,"column":13}}]},"8":{"type":"branch","line":12,"loc":{"start":{"line":12,"column":46},"end":{"line":12,"column":59}},"locations":[{"start":{"line":12,"column":46},"end":{"line":12,"column":59}}]},"9":{"type":"branch","line":15,"loc":{"start":{"line":15,"column":19},"end":{"line":18,"column":13}},"locations":[{"start":{"line":15,"column":19},"end":{"line":18,"column":13}}]},"10":{"type":"branch","line":33,"loc":{"start":{"line":33,"column":26},"end":{"line":38,"column":26}},"locations":[{"start":{"line":33,"column":26},"end":{"line":38,"column":26}}]},"11":{"type":"branch","line":37,"loc":{"start":{"line":37,"column":73},"end":{"line":37,"column":86}},"locations":[{"start":{"line":37,"column":73},"end":{"line":37,"column":86}}]}},"b":{"0":[7],"1":[1],"2":[6],"3":[5],"4":[1],"5":[4],"6":[1],"7":[1],"8":[0],"9":[1],"10":[1],"11":[0]},"fnMap":{"0":{"name":"FetchData","decl":{"start":{"line":3,"column":18},"end":{"line":43,"column":2}},"loc":{"start":{"line":3,"column":18},"end":{"line":43,"column":2}},"line":3}},"f":{"0":7}}
,"C:\\Users\\Intern\\Desktop\\my-vite-project\\vitest\\src\\Components\\Form.jsx": {"path":"C:\\Users\\Intern\\Desktop\\my-vite-project\\vitest\\src\\Components\\Form.jsx","all":false,"statementMap":{"0":{"start":{"line":1,"column":0},"end":{"line":1,"column":40}},"1":{"start":{"line":2,"column":0},"end":{"line":2,"column":32}},"2":{"start":{"line":3,"column":0},"end":{"line":3,"column":44}},"3":{"start":{"line":4,"column":0},"end":{"line":4,"column":11}},"4":{"start":{"line":5,"column":0},"end":{"line":5,"column":14}},"5":{"start":{"line":6,"column":0},"end":{"line":6,"column":20}},"6":{"start":{"line":7,"column":0},"end":{"line":7,"column":5}},"7":{"start":{"line":8,"column":0},"end":{"line":8,"column":31}},"8":{"start":{"line":9,"column":0},"end":{"line":9,"column":37}},"9":{"start":{"line":10,"column":0},"end":{"line":10,"column":48}},"10":{"start":{"line":11,"column":0},"end":{"line":11,"column":4}},"11":{"start":{"line":12,"column":0},"end":{"line":12,"column":31}},"12":{"start":{"line":13,"column":0},"end":{"line":13,"column":23}},"14":{"start":{"line":15,"column":0},"end":{"line":15,"column":40}},"16":{"start":{"line":17,"column":0},"end":{"line":17,"column":42}},"17":{"start":{"line":18,"column":0},"end":{"line":18,"column":41}},"18":{"start":{"line":19,"column":0},"end":{"line":19,"column":13}},"19":{"start":{"line":20,"column":0},"end":{"line":20,"column":5}},"21":{"start":{"line":22,"column":0},"end":{"line":22,"column":19}},"22":{"start":{"line":23,"column":0},"end":{"line":23,"column":47}},"23":{"start":{"line":24,"column":0},"end":{"line":24,"column":25}},"24":{"start":{"line":25,"column":0},"end":{"line":25,"column":5}},"26":{"start":{"line":27,"column":0},"end":{"line":27,"column":56}},"27":{"start":{"line":28,"column":0},"end":{"line":28,"column":4}},"28":{"start":{"line":29,"column":0},"end":{"line":29,"column":10}},"29":{"start":{"line":30,"column":0},"end":{"line":30,"column":46}},"30":{"start":{"line":31,"column":0},"end":{"line":31,"column":11}},"31":{"start":{"line":32,"column":0},"end":{"line":32,"column":39}},"32":{"start":{"line":33,"column":0},"end":{"line":33,"column":14}},"33":{"start":{"line":34,"column":0},"end":{"line":34,"column":23}},"34":{"start":{"line":35,"column":0},"end":{"line":35,"column":17}},"35":{"start":{"line":36,"column":0},"end":{"line":36,"column":19}},"36":{"start":{"line":37,"column":0},"end":{"line":37,"column":29}},"37":{"start":{"line":38,"column":0},"end":{"line":38,"column":33}},"38":{"start":{"line":39,"column":0},"end":{"line":39,"column":18}},"39":{"start":{"line":40,"column":0},"end":{"line":40,"column":10}},"40":{"start":{"line":41,"column":0},"end":{"line":41,"column":12}},"41":{"start":{"line":42,"column":0},"end":{"line":42,"column":11}},"42":{"start":{"line":43,"column":0},"end":{"line":43,"column":45}},"43":{"start":{"line":44,"column":0},"end":{"line":44,"column":14}},"44":{"start":{"line":45,"column":0},"end":{"line":45,"column":21}},"45":{"start":{"line":46,"column":0},"end":{"line":46,"column":20}},"46":{"start":{"line":47,"column":0},"end":{"line":47,"column":22}},"47":{"start":{"line":48,"column":0},"end":{"line":48,"column":32}},"48":{"start":{"line":49,"column":0},"end":{"line":49,"column":33}},"49":{"start":{"line":50,"column":0},"end":{"line":50,"column":18}},"50":{"start":{"line":51,"column":0},"end":{"line":51,"column":10}},"51":{"start":{"line":52,"column":0},"end":{"line":52,"column":12}},"52":{"start":{"line":53,"column":0},"end":{"line":53,"column":11}},"53":{"start":{"line":54,"column":0},"end":{"line":54,"column":18}},"54":{"start":{"line":55,"column":0},"end":{"line":55,"column":37}},"55":{"start":{"line":56,"column":0},"end":{"line":56,"column":40}},"56":{"start":{"line":57,"column":0},"end":{"line":57,"column":18}},"57":{"start":{"line":58,"column":0},"end":{"line":58,"column":26}},"58":{"start":{"line":59,"column":0},"end":{"line":59,"column":31}},"59":{"start":{"line":60,"column":0},"end":{"line":60,"column":30}},"60":{"start":{"line":61,"column":0},"end":{"line":61,"column":25}},"61":{"start":{"line":62,"column":0},"end":{"line":62,"column":52}},"62":{"start":{"line":63,"column":0},"end":{"line":63,"column":37}},"63":{"start":{"line":64,"column":0},"end":{"line":64,"column":14}},"65":{"start":{"line":66,"column":0},"end":{"line":66,"column":18}},"66":{"start":{"line":67,"column":0},"end":{"line":67,"column":39}},"67":{"start":{"line":68,"column":0},"end":{"line":68,"column":18}},"68":{"start":{"line":69,"column":0},"end":{"line":69,"column":26}},"69":{"start":{"line":70,"column":0},"end":{"line":70,"column":30}},"70":{"start":{"line":71,"column":0},"end":{"line":71,"column":30}},"71":{"start":{"line":72,"column":0},"end":{"line":72,"column":24}},"72":{"start":{"line":73,"column":0},"end":{"line":73,"column":51}},"73":{"start":{"line":74,"column":0},"end":{"line":74,"column":37}},"74":{"start":{"line":75,"column":0},"end":{"line":75,"column":14}},"76":{"start":{"line":77,"column":0},"end":{"line":77,"column":18}},"77":{"start":{"line":78,"column":0},"end":{"line":78,"column":19}},"78":{"start":{"line":79,"column":0},"end":{"line":79,"column":12}},"79":{"start":{"line":80,"column":0},"end":{"line":80,"column":43}},"80":{"start":{"line":81,"column":0},"end":{"line":81,"column":11}},"82":{"start":{"line":83,"column":0},"end":{"line":83,"column":2}},"83":{"start":{"line":84,"column":0},"end":{"line":84,"column":20}}},"s":{"0":1,"1":1,"2":15,"3":15,"4":15,"5":15,"6":15,"7":15,"8":7,"9":7,"10":7,"11":15,"12":3,"14":3,"16":3,"17":0,"18":0,"19":0,"21":3,"22":3,"23":3,"24":3,"26":3,"27":3,"28":15,"29":15,"30":15,"31":15,"32":15,"33":15,"34":15,"35":15,"36":15,"37":15,"38":15,"39":15,"40":15,"41":15,"42":15,"43":15,"44":15,"45":15,"46":15,"47":15,"48":15,"49":15,"50":15,"51":15,"52":15,"53":15,"54":15,"55":15,"56":15,"57":15,"58":15,"59":15,"60":15,"61":15,"62":15,"63":15,"65":15,"66":15,"67":15,"68":15,"69":15,"70":15,"71":15,"72":15,"73":15,"74":15,"76":15,"77":15,"78":15,"79":15,"80":15,"82":15,"83":1},"branchMap":{"0":{"type":"branch","line":2,"loc":{"start":{"line":2,"column":13},"end":{"line":83,"column":2}},"locations":[{"start":{"line":2,"column":13},"end":{"line":83,"column":2}}]},"1":{"type":"branch","line":8,"loc":{"start":{"line":8,"column":23},"end":{"line":11,"column":4}},"locations":[{"start":{"line":8,"column":23},"end":{"line":11,"column":4}}]},"2":{"type":"branch","line":12,"loc":{"start":{"line":12,"column":23},"end":{"line":28,"column":4}},"locations":[{"start":{"line":12,"column":23},"end":{"line":28,"column":4}}]},"3":{"type":"branch","line":17,"loc":{"start":{"line":17,"column":41},"end":{"line":20,"column":5}},"locations":[{"start":{"line":17,"column":41},"end":{"line":20,"column":5}}]}},"b":{"0":[15],"1":[7],"2":[3],"3":[0]},"fnMap":{"0":{"name":"Form","decl":{"start":{"line":2,"column":13},"end":{"line":83,"column":2}},"loc":{"start":{"line":2,"column":13},"end":{"line":83,"column":2}},"line":2},"1":{"name":"handleChange","decl":{"start":{"line":8,"column":23},"end":{"line":11,"column":4}},"loc":{"start":{"line":8,"column":23},"end":{"line":11,"column":4}},"line":8},"2":{"name":"handleSubmit","decl":{"start":{"line":12,"column":23},"end":{"line":28,"column":4}},"loc":{"start":{"line":12,"column":23},"end":{"line":28,"column":4}},"line":12}},"f":{"0":15,"1":7,"2":3}}
,"C:\\Users\\Intern\\Desktop\\my-vite-project\\vitest\\src\\Components\\Fullyear.jsx": {"path":"C:\\Users\\Intern\\Desktop\\my-vite-project\\vitest\\src\\Components\\Fullyear.jsx","all":false,"statementMap":{"0":{"start":{"line":1,"column":0},"end":{"line":1,"column":26}},"1":{"start":{"line":2,"column":0},"end":{"line":2,"column":47}},"2":{"start":{"line":3,"column":0},"end":{"line":3,"column":50}},"3":{"start":{"line":4,"column":0},"end":{"line":4,"column":56}},"4":{"start":{"line":5,"column":0},"end":{"line":5,"column":58}},"6":{"start":{"line":7,"column":0},"end":{"line":7,"column":45}},"8":{"start":{"line":9,"column":0},"end":{"line":9,"column":24}},"9":{"start":{"line":10,"column":0},"end":{"line":10,"column":34}},"11":{"start":{"line":12,"column":0},"end":{"line":12,"column":18}},"12":{"start":{"line":13,"column":0},"end":{"line":13,"column":45}},"13":{"start":{"line":14,"column":0},"end":{"line":14,"column":48}},"14":{"start":{"line":15,"column":0},"end":{"line":15,"column":46}},"15":{"start":{"line":16,"column":0},"end":{"line":16,"column":4}},"17":{"start":{"line":18,"column":0},"end":{"line":18,"column":19}},"18":{"start":{"line":19,"column":0},"end":{"line":19,"column":30}},"19":{"start":{"line":20,"column":0},"end":{"line":20,"column":55}},"20":{"start":{"line":21,"column":0},"end":{"line":21,"column":27}},"21":{"start":{"line":22,"column":0},"end":{"line":22,"column":5}},"22":{"start":{"line":23,"column":0},"end":{"line":23,"column":9}},"24":{"start":{"line":25,"column":0},"end":{"line":25,"column":10}},"25":{"start":{"line":26,"column":0},"end":{"line":26,"column":9}},"26":{"start":{"line":27,"column":0},"end":{"line":27,"column":19}},"27":{"start":{"line":28,"column":0},"end":{"line":28,"column":25}},"28":{"start":{"line":29,"column":0},"end":{"line":29,"column":70}},"29":{"start":{"line":30,"column":0},"end":{"line":30,"column":36}},"30":{"start":{"line":31,"column":0},"end":{"line":31,"column":23}},"31":{"start":{"line":32,"column":0},"end":{"line":32,"column":23}},"32":{"start":{"line":33,"column":0},"end":{"line":33,"column":24}},"33":{"start":{"line":34,"column":0},"end":{"line":34,"column":24}},"34":{"start":{"line":35,"column":0},"end":{"line":35,"column":34}},"35":{"start":{"line":36,"column":0},"end":{"line":36,"column":26}},"36":{"start":{"line":37,"column":0},"end":{"line":37,"column":70}},"37":{"start":{"line":38,"column":0},"end":{"line":38,"column":10}},"38":{"start":{"line":39,"column":0},"end":{"line":39,"column":8}},"39":{"start":{"line":40,"column":0},"end":{"line":40,"column":10}},"41":{"start":{"line":42,"column":0},"end":{"line":42,"column":2}},"43":{"start":{"line":44,"column":0},"end":{"line":44,"column":24}}},"s":{"0":1,"1":1,"2":1,"3":1,"4":1,"6":1,"8":1,"9":2,"11":2,"12":2,"13":2,"14":2,"15":2,"17":2,"18":2,"19":2,"20":2,"21":2,"22":2,"24":2,"25":2,"26":2,"27":2,"28":2,"29":2,"30":2,"31":2,"32":2,"33":2,"34":2,"35":2,"36":2,"37":2,"38":2,"39":2,"41":2,"43":1},"branchMap":{"0":{"type":"branch","line":9,"loc":{"start":{"line":9,"column":17},"end":{"line":42,"column":2}},"locations":[{"start":{"line":9,"column":17},"end":{"line":42,"column":2}}]},"1":{"type":"branch","line":18,"loc":{"start":{"line":18,"column":12},"end":{"line":23,"column":5}},"locations":[{"start":{"line":18,"column":12},"end":{"line":23,"column":5}}]}},"b":{"0":[2],"1":[2]},"fnMap":{"0":{"name":"Fullyear","decl":{"start":{"line":9,"column":17},"end":{"line":42,"column":2}},"loc":{"start":{"line":9,"column":17},"end":{"line":42,"column":2}},"line":9}},"f":{"0":2}}
,"C:\\Users\\Intern\\Desktop\\my-vite-project\\vitest\\src\\Components\\Navbar.jsx": {"path":"C:\\Users\\Intern\\Desktop\\my-vite-project\\vitest\\src\\Components\\Navbar.jsx","all":false,"statementMap":{"0":{"start":{"line":1,"column":0},"end":{"line":1,"column":27}},"2":{"start":{"line":3,"column":0},"end":{"line":3,"column":21}},"3":{"start":{"line":4,"column":0},"end":{"line":4,"column":20}},"4":{"start":{"line":5,"column":0},"end":{"line":5,"column":36}},"5":{"start":{"line":6,"column":0},"end":{"line":6,"column":25}},"6":{"start":{"line":7,"column":0},"end":{"line":7,"column":25}},"7":{"start":{"line":8,"column":0},"end":{"line":8,"column":28}},"8":{"start":{"line":9,"column":0},"end":{"line":9,"column":18}},"9":{"start":{"line":10,"column":0},"end":{"line":10,"column":2}},"11":{"start":{"line":12,"column":0},"end":{"line":12,"column":19}},"12":{"start":{"line":13,"column":0},"end":{"line":13,"column":23}},"13":{"start":{"line":14,"column":0},"end":{"line":14,"column":23}},"14":{"start":{"line":15,"column":0},"end":{"line":15,"column":2}},"16":{"start":{"line":17,"column":0},"end":{"line":17,"column":20}},"17":{"start":{"line":18,"column":0},"end":{"line":18,"column":22}},"18":{"start":{"line":19,"column":0},"end":{"line":19,"column":20}},"19":{"start":{"line":20,"column":0},"end":{"line":20,"column":16}},"20":{"start":{"line":21,"column":0},"end":{"line":21,"column":2}},"22":{"start":{"line":23,"column":0},"end":{"line":23,"column":23}},"23":{"start":{"line":24,"column":0},"end":{"line":24,"column":27}},"24":{"start":{"line":25,"column":0},"end":{"line":25,"column":18}},"25":{"start":{"line":26,"column":0},"end":{"line":26,"column":21}},"26":{"start":{"line":27,"column":0},"end":{"line":27,"column":2}},"28":{"start":{"line":29,"column":0},"end":{"line":29,"column":22}},"29":{"start":{"line":30,"column":0},"end":{"line":30,"column":12}},"30":{"start":{"line":31,"column":0},"end":{"line":31,"column":32}},"31":{"start":{"line":32,"column":0},"end":{"line":32,"column":41}},"32":{"start":{"line":33,"column":0},"end":{"line":33,"column":29}},"33":{"start":{"line":34,"column":0},"end":{"line":34,"column":18}},"34":{"start":{"line":35,"column":0},"end":{"line":35,"column":41}},"35":{"start":{"line":36,"column":0},"end":{"line":36,"column":49}},"36":{"start":{"line":37,"column":0},"end":{"line":37,"column":51}},"37":{"start":{"line":38,"column":0},"end":{"line":38,"column":57}},"38":{"start":{"line":39,"column":0},"end":{"line":39,"column":55}},"39":{"start":{"line":40,"column":0},"end":{"line":40,"column":17}},"41":{"start":{"line":42,"column":0},"end":{"line":42,"column":14}},"43":{"start":{"line":44,"column":0},"end":{"line":44,"column":2}},"45":{"start":{"line":46,"column":0},"end":{"line":46,"column":22}}},"s":{"0":1,"2":1,"3":1,"4":1,"5":1,"6":1,"7":1,"8":1,"9":1,"11":1,"12":1,"13":1,"14":1,"16":1,"17":1,"18":1,"19":1,"20":1,"22":1,"23":1,"24":1,"25":1,"26":1,"28":1,"29":3,"30":3,"31":3,"32":3,"33":3,"34":3,"35":3,"36":3,"37":3,"38":3,"39":3,"41":3,"43":3,"45":1},"branchMap":{"0":{"type":"branch","line":29,"loc":{"start":{"line":29,"column":15},"end":{"line":44,"column":2}},"locations":[{"start":{"line":29,"column":15},"end":{"line":44,"column":2}}]}},"b":{"0":[3]},"fnMap":{"0":{"name":"Navbar","decl":{"start":{"line":29,"column":15},"end":{"line":44,"column":2}},"loc":{"start":{"line":29,"column":15},"end":{"line":44,"column":2}},"line":29}},"f":{"0":3}}
,"C:\\Users\\Intern\\Desktop\\my-vite-project\\vitest\\src\\Components\\ThemeToggle.jsx": {"path":"C:\\Users\\Intern\\Desktop\\my-vite-project\\vitest\\src\\Components\\ThemeToggle.jsx","all":false,"statementMap":{"0":{"start":{"line":1,"column":0},"end":{"line":1,"column":44}},"2":{"start":{"line":3,"column":0},"end":{"line":3,"column":27}},"3":{"start":{"line":4,"column":0},"end":{"line":4,"column":44}},"4":{"start":{"line":5,"column":0},"end":{"line":5,"column":40}},"5":{"start":{"line":6,"column":0},"end":{"line":6,"column":45}},"6":{"start":{"line":7,"column":0},"end":{"line":7,"column":87}},"7":{"start":{"line":8,"column":0},"end":{"line":8,"column":5}},"8":{"start":{"line":9,"column":0},"end":{"line":9,"column":19}},"9":{"start":{"line":10,"column":0},"end":{"line":10,"column":5}},"11":{"start":{"line":12,"column":0},"end":{"line":12,"column":29}},"12":{"start":{"line":13,"column":0},"end":{"line":13,"column":71}},"13":{"start":{"line":14,"column":0},"end":{"line":14,"column":4}},"15":{"start":{"line":16,"column":0},"end":{"line":16,"column":19}},"16":{"start":{"line":17,"column":0},"end":{"line":17,"column":27}},"17":{"start":{"line":18,"column":0},"end":{"line":18,"column":53}},"18":{"start":{"line":19,"column":0},"end":{"line":19,"column":44}},"19":{"start":{"line":20,"column":0},"end":{"line":20,"column":12}},"20":{"start":{"line":21,"column":0},"end":{"line":21,"column":56}},"21":{"start":{"line":22,"column":0},"end":{"line":22,"column":45}},"22":{"start":{"line":23,"column":0},"end":{"line":23,"column":5}},"23":{"start":{"line":24,"column":0},"end":{"line":24,"column":14}},"25":{"start":{"line":26,"column":0},"end":{"line":26,"column":10}},"26":{"start":{"line":27,"column":0},"end":{"line":27,"column":44}},"27":{"start":{"line":28,"column":0},"end":{"line":28,"column":13}},"28":{"start":{"line":29,"column":0},"end":{"line":29,"column":29}},"29":{"start":{"line":30,"column":0},"end":{"line":30,"column":39}},"30":{"start":{"line":31,"column":0},"end":{"line":31,"column":33}},"32":{"start":{"line":33,"column":0},"end":{"line":33,"column":43}},"33":{"start":{"line":34,"column":0},"end":{"line":34,"column":15}},"34":{"start":{"line":35,"column":0},"end":{"line":35,"column":10}},"36":{"start":{"line":37,"column":0},"end":{"line":37,"column":2}},"38":{"start":{"line":39,"column":0},"end":{"line":39,"column":27}}},"s":{"0":1,"2":1,"3":5,"4":3,"5":3,"6":1,"7":3,"8":0,"9":5,"11":5,"12":2,"13":2,"15":5,"16":5,"17":3,"18":3,"19":5,"20":2,"21":2,"22":2,"23":5,"25":5,"26":5,"27":5,"28":5,"29":5,"30":5,"32":5,"33":5,"34":5,"36":5,"38":1},"branchMap":{"0":{"type":"branch","line":3,"loc":{"start":{"line":3,"column":20},"end":{"line":37,"column":2}},"locations":[{"start":{"line":3,"column":20},"end":{"line":37,"column":2}}]},"1":{"type":"branch","line":33,"loc":{"start":{"line":33,"column":19},"end":{"line":33,"column":36}},"locations":[{"start":{"line":33,"column":19},"end":{"line":33,"column":36}}]},"2":{"type":"branch","line":33,"loc":{"start":{"line":33,"column":28},"end":{"line":33,"column":43}},"locations":[{"start":{"line":33,"column":28},"end":{"line":33,"column":43}}]},"3":{"type":"branch","line":4,"loc":{"start":{"line":4,"column":37},"end":{"line":10,"column":3}},"locations":[{"start":{"line":4,"column":37},"end":{"line":10,"column":3}}]},"4":{"type":"branch","line":6,"loc":{"start":{"line":6,"column":41},"end":{"line":7,"column":87}},"locations":[{"start":{"line":6,"column":41},"end":{"line":7,"column":87}}]},"5":{"type":"branch","line":7,"loc":{"start":{"line":7,"column":69},"end":{"line":7,"column":87}},"locations":[{"start":{"line":7,"column":69},"end":{"line":7,"column":87}}]},"6":{"type":"branch","line":8,"loc":{"start":{"line":8,"column":4},"end":{"line":9,"column":19}},"locations":[{"start":{"line":8,"column":4},"end":{"line":9,"column":19}}]},"7":{"type":"branch","line":12,"loc":{"start":{"line":12,"column":22},"end":{"line":14,"column":4}},"locations":[{"start":{"line":12,"column":22},"end":{"line":14,"column":4}}]},"8":{"type":"branch","line":13,"loc":{"start":{"line":13,"column":13},"end":{"line":13,"column":69}},"locations":[{"start":{"line":13,"column":13},"end":{"line":13,"column":69}}]},"9":{"type":"branch","line":13,"loc":{"start":{"line":13,"column":43},"end":{"line":13,"column":62}},"locations":[{"start":{"line":13,"column":43},"end":{"line":13,"column":62}}]},"10":{"type":"branch","line":13,"loc":{"start":{"line":13,"column":52},"end":{"line":13,"column":69}},"locations":[{"start":{"line":13,"column":52},"end":{"line":13,"column":69}}]},"11":{"type":"branch","line":16,"loc":{"start":{"line":16,"column":12},"end":{"line":24,"column":5}},"locations":[{"start":{"line":16,"column":12},"end":{"line":24,"column":5}}]},"12":{"type":"branch","line":17,"loc":{"start":{"line":17,"column":26},"end":{"line":20,"column":11}},"locations":[{"start":{"line":17,"column":26},"end":{"line":20,"column":11}}]},"13":{"type":"branch","line":20,"loc":{"start":{"line":20,"column":4},"end":{"line":23,"column":5}},"locations":[{"start":{"line":20,"column":4},"end":{"line":23,"column":5}}]}},"b":{"0":[5],"1":[3],"2":[2],"3":[3],"4":[1],"5":[0],"6":[0],"7":[2],"8":[2],"9":[1],"10":[1],"11":[5],"12":[3],"13":[2]},"fnMap":{"0":{"name":"ThemeToggle","decl":{"start":{"line":3,"column":20},"end":{"line":37,"column":2}},"loc":{"start":{"line":3,"column":20},"end":{"line":37,"column":2}},"line":3},"1":{"name":"toggleTheme","decl":{"start":{"line":12,"column":22},"end":{"line":14,"column":4}},"loc":{"start":{"line":12,"column":22},"end":{"line":14,"column":4}},"line":12}},"f":{"0":5,"1":2}}
,"C:\\Users\\Intern\\Desktop\\my-vite-project\\vitest\\src\\Components\\Todo.jsx": {"path":"C:\\Users\\Intern\\Desktop\\my-vite-project\\vitest\\src\\Components\\Todo.jsx","all":false,"statementMap":{"0":{"start":{"line":1,"column":0},"end":{"line":1,"column":25}},"2":{"start":{"line":3,"column":0},"end":{"line":3,"column":29}},"3":{"start":{"line":4,"column":0},"end":{"line":4,"column":10}},"4":{"start":{"line":5,"column":0},"end":{"line":5,"column":9}},"5":{"start":{"line":6,"column":0},"end":{"line":6,"column":22}},"6":{"start":{"line":7,"column":0},"end":{"line":7,"column":45}},"7":{"start":{"line":8,"column":0},"end":{"line":8,"column":61}},"8":{"start":{"line":9,"column":0},"end":{"line":9,"column":67}},"9":{"start":{"line":10,"column":0},"end":{"line":10,"column":100}},"10":{"start":{"line":11,"column":0},"end":{"line":11,"column":22}},"12":{"start":{"line":13,"column":0},"end":{"line":13,"column":10}},"14":{"start":{"line":15,"column":0},"end":{"line":15,"column":1}},"19":{"start":{"line":20,"column":0},"end":{"line":20,"column":19}}},"s":{"0":1,"2":2,"3":2,"4":2,"5":2,"6":1,"7":1,"8":1,"9":1,"10":1,"12":2,"14":2,"19":1},"branchMap":{"0":{"type":"branch","line":3,"loc":{"start":{"line":3,"column":0},"end":{"line":15,"column":1}},"locations":[{"start":{"line":3,"column":0},"end":{"line":15,"column":1}}]},"1":{"type":"branch","line":6,"loc":{"start":{"line":6,"column":9},"end":{"line":11,"column":22}},"locations":[{"start":{"line":6,"column":9},"end":{"line":11,"column":22}}]},"2":{"type":"branch","line":10,"loc":{"start":{"line":10,"column":75},"end":{"line":10,"column":91}},"locations":[{"start":{"line":10,"column":75},"end":{"line":10,"column":91}}]}},"b":{"0":[2],"1":[1],"2":[0]},"fnMap":{"0":{"name":"Todo","decl":{"start":{"line":3,"column":0},"end":{"line":15,"column":1}},"loc":{"start":{"line":3,"column":0},"end":{"line":15,"column":1}},"line":3}},"f":{"0":2}}
,"C:\\Users\\Intern\\Desktop\\my-vite-project\\vitest\\src\\Components\\event.js": {"path":"C:\\Users\\Intern\\Desktop\\my-vite-project\\vitest\\src\\Components\\event.js","all":false,"statementMap":{"0":{"start":{"line":1,"column":0},"end":{"line":1,"column":16}},"1":{"start":{"line":2,"column":0},"end":{"line":2,"column":65}},"2":{"start":{"line":3,"column":0},"end":{"line":3,"column":76}},"3":{"start":{"line":4,"column":0},"end":{"line":4,"column":3}},"4":{"start":{"line":5,"column":0},"end":{"line":5,"column":31}},"5":{"start":{"line":6,"column":0},"end":{"line":6,"column":36}},"6":{"start":{"line":7,"column":0},"end":{"line":7,"column":28}},"7":{"start":{"line":8,"column":0},"end":{"line":8,"column":4}},"8":{"start":{"line":9,"column":0},"end":{"line":9,"column":68}},"9":{"start":{"line":10,"column":0},"end":{"line":10,"column":91}},"10":{"start":{"line":11,"column":0},"end":{"line":11,"column":3}},"11":{"start":{"line":12,"column":0},"end":{"line":12,"column":29}},"12":{"start":{"line":13,"column":0},"end":{"line":13,"column":36}},"13":{"start":{"line":14,"column":0},"end":{"line":14,"column":30}},"14":{"start":{"line":15,"column":0},"end":{"line":15,"column":22}},"15":{"start":{"line":16,"column":0},"end":{"line":16,"column":4}},"16":{"start":{"line":17,"column":0},"end":{"line":17,"column":3}},"17":{"start":{"line":18,"column":0},"end":{"line":18,"column":36}},"18":{"start":{"line":19,"column":0},"end":{"line":19,"column":36}},"19":{"start":{"line":20,"column":0},"end":{"line":20,"column":29}},"20":{"start":{"line":21,"column":0},"end":{"line":21,"column":4}},"21":{"start":{"line":22,"column":0},"end":{"line":22,"column":105}},"22":{"start":{"line":23,"column":0},"end":{"line":23,"column":65}},"23":{"start":{"line":24,"column":0},"end":{"line":24,"column":3}},"24":{"start":{"line":25,"column":0},"end":{"line":25,"column":29}},"25":{"start":{"line":26,"column":0},"end":{"line":26,"column":36}},"26":{"start":{"line":27,"column":0},"end":{"line":27,"column":34}},"27":{"start":{"line":28,"column":0},"end":{"line":28,"column":16}},"28":{"start":{"line":29,"column":0},"end":{"line":29,"column":3}},"29":{"start":{"line":30,"column":0},"end":{"line":30,"column":2}},"30":{"start":{"line":31,"column":0},"end":{"line":31,"column":0}},"31":{"start":{"line":32,"column":0},"end":{"line":32,"column":29}},"32":{"start":{"line":33,"column":0},"end":{"line":33,"column":27}},"33":{"start":{"line":34,"column":0},"end":{"line":34,"column":46}},"34":{"start":{"line":35,"column":0},"end":{"line":35,"column":48}},"35":{"start":{"line":36,"column":0},"end":{"line":36,"column":0}},"36":{"start":{"line":37,"column":0},"end":{"line":37,"column":27}},"37":{"start":{"line":38,"column":0},"end":{"line":38,"column":24}},"38":{"start":{"line":39,"column":0},"end":{"line":39,"column":3}},"39":{"start":{"line":40,"column":0},"end":{"line":40,"column":0}},"40":{"start":{"line":41,"column":0},"end":{"line":41,"column":65}},"41":{"start":{"line":42,"column":0},"end":{"line":42,"column":1}},"42":{"start":{"line":43,"column":0},"end":{"line":43,"column":0}},"43":{"start":{"line":44,"column":0},"end":{"line":44,"column":22}}},"s":{"0":1,"1":1,"2":1,"3":1,"4":1,"5":1,"6":1,"7":1,"8":1,"9":1,"10":1,"11":1,"12":1,"13":1,"14":1,"15":1,"16":1,"17":1,"18":1,"19":1,"20":1,"21":1,"22":1,"23":1,"24":1,"25":1,"26":1,"27":1,"28":1,"29":1,"30":1,"31":12,"32":12,"33":12,"34":12,"35":12,"36":12,"37":12,"38":12,"39":12,"40":12,"41":12,"42":1,"43":1},"branchMap":{"0":{"type":"branch","line":32,"loc":{"start":{"line":32,"column":0},"end":{"line":42,"column":1}},"locations":[{"start":{"line":32,"column":0},"end":{"line":42,"column":1}}]}},"b":{"0":[12]},"fnMap":{"0":{"name":"getDate","decl":{"start":{"line":32,"column":0},"end":{"line":42,"column":1}},"loc":{"start":{"line":32,"column":0},"end":{"line":42,"column":1}},"line":32}},"f":{"0":12}}
}
